RELEASE: 0
MKDIR   avr32/drivers/ebi/smc/
CC      avr32/drivers/ebi/smc/smc.o
MKDIR   avr32/drivers/flashc/
CC      avr32/drivers/flashc/flashc.o
MKDIR   avr32/drivers/gpio/
CC      avr32/drivers/gpio/gpio.o
MKDIR   avr32/drivers/intc/
CC      avr32/drivers/intc/intc.o
MKDIR   avr32/drivers/pdca/
CC      avr32/drivers/pdca/pdca.o
MKDIR   avr32/drivers/pm/
CC      avr32/drivers/pm/pm.o
CC      avr32/drivers/pm/pm_conf_clocks.o
CC      avr32/drivers/pm/power_clocks_lib.o
MKDIR   avr32/drivers/spi/
CC      avr32/drivers/spi/spi.o
MKDIR   avr32/drivers/tc/
CC      avr32/drivers/tc/tc.o
MKDIR   avr32/drivers/twi/
CC      avr32/drivers/twi/twi.o
MKDIR   avr32/drivers/usart/
CC      avr32/drivers/usart/usart.o
MKDIR   avr32/components/memory/sd_mmc/sd_mmc_spi/
CC      avr32/components/memory/sd_mmc/sd_mmc_spi/sd_mmc_spi.o
CC      avr32/components/memory/sd_mmc/sd_mmc_spi/sd_mmc_spi_mem.o
MKDIR   avr32/drivers/usbb/
CC      avr32/drivers/usbb/usbb_host.o
MKDIR   common/services/clock/uc3a0_a1/
CC      common/services/clock/uc3a0_a1/sysclk.o
MKDIR   common/services/storage/ctrl_access/
CC      common/services/storage/ctrl_access/ctrl_access.o
MKDIR   common/services/usb/uhc/
CC      common/services/usb/uhc/uhc.o
CC      ../src/adc.o
CC      ../src/events.o
CC      ../src/font.o
CC      ../src/i2c.o
CC      ../src/monome.o
../../libavr32/asf/../src/monome.c:483: warning: no previous prototype for 'monome_grid_led_set'
../../libavr32/asf/../src/monome.c:489: warning: no previous prototype for 'monome_grid_led_toggle'
../../libavr32/asf/../src/monome.c:100: warning: 'setup_osc_dummy' declared 'static' but never defined
CC      ../src/region.o
CC      ../src/screen.o
CC      ../src/timers.o
CC      ../src/interrupts.o
CC      ../src/midi_common.o
CC      ../src/usb.o
../../libavr32/asf/../src/usb.c:64: warning: no previous prototype for 'cdc_setup'
../../libavr32/asf/../src/usb.c:69: warning: no previous prototype for 'cdc_disconnect'
MKDIR   ../src/usb/ftdi/
CC      ../src/usb/ftdi/uhi_ftdi.o
CC      ../src/usb/ftdi/ftdi.o
MKDIR   ../src/usb/hid/
CC      ../src/usb/hid/hid.o
CC      ../src/usb/hid/uhi_hid.o
MKDIR   ../src/usb/midi/
CC      ../src/usb/midi/uhi_midi.o
CC      ../src/usb/midi/midi.o
CC      ../src/monome_transport.o
../../libavr32/asf/../src/monome_transport.c:32: warning: initialization from incompatible pointer type
../../libavr32/asf/../src/monome_transport.c:44: warning: initialization from incompatible pointer type
../../libavr32/asf/../src/monome_transport.c:62: warning: function return types not compatible due to 'volatile'
../../libavr32/asf/../src/monome_transport.c:62: warning: function return types not compatible due to 'volatile'
CC      ../src/fix.o
MKDIR   ../src/libfixmath/
CC      ../src/libfixmath/fix16.o
CC      ../../avr32/src/adc_poll.o
CC      ../../avr32/src/app.o
CC      ../../avr32/src/bfin.o
CC      ../../avr32/src/control.o
CC      ../../avr32/src/encoders.o
CC      ../../avr32/src/filesystem.o
CC      ../../avr32/src/flash.o
CC      ../../avr32/src/font_aa.o
CC      ../../avr32/src/init.o
CC      ../../avr32/src/interrupts.o
CC      ../../avr32/src/main.o
CC      ../../avr32/src/memory.o
CC      ../../avr32/src/print_funcs.o
CC      ../../avr32/src/region_extra.o
CC      ../../avr32/src/serial.o
CC      ../../avr32/src/simple_string.o
CC      ../../avr32/src/switches.o
CC      ../../avr32/src/fat_io_lib/fat_access.o
CC      ../../avr32/src/fat_io_lib/fat_cache.o
CC      ../../avr32/src/fat_io_lib/fat_filelib.o
CC      ../../avr32/src/fat_io_lib/fat_format.o
CC      ../../avr32/src/fat_io_lib/fat_misc.o
CC      ../../avr32/src/fat_io_lib/fat_string.o
CC      ../../avr32/src/fat_io_lib/fat_table.o
CC      ../../avr32/src/fat_io_lib/fat_write.o
CC      ../../avr32/src/fonts/ume_tgo5_18.o
CC      ../../apps/bees/src/app_bees.o
CC      ../../apps/bees/src/app_timers.o
CC      ../../apps/bees/src/dynamic_network.o
CC      ../../apps/bees/src/dynamic_flash_buffer.o
../../apps/bees/src/dynamic_flash_buffer.c:200: warning: no previous prototype for 'dynamic_flash_buffer_resize'
../../apps/bees/src/dynamic_flash_buffer.c:251: warning: no previous prototype for 'dynamic_flash_buffer_print_stats'
CC      ../../apps/bees/src/files.o
CC      ../../apps/bees/src/flash_bees.o
../../apps/bees/src/flash_bees.c:21: warning: 'flash_buffer' defined but not used
CC      ../../apps/bees/src/handler.o
CC      ../../apps/bees/src/net.o
CC      ../../apps/bees/src/net_hid.o
CC      ../../apps/bees/src/net_midi.o
CC      ../../apps/bees/src/net_monome.o
CC      ../../apps/bees/src/net_poll.o
CC      ../../apps/bees/src/op.o
CC      ../../apps/bees/src/op_gfx.o
CC      ../../apps/bees/src/op_math.o
CC      ../../apps/bees/src/param.o
CC      ../../apps/bees/src/pages.o
CC      ../../apps/bees/src/pickle.o
CC      ../../apps/bees/src/play.o
CC      ../../apps/bees/src/preset.o
../../apps/bees/src/preset.c: In function 'preset_in_enabled':
../../apps/bees/src/preset.c:387: warning: format '%d' expects type 'int', but argument 2 has type 'u32'
../../apps/bees/src/preset.c:387: warning: format '%d' expects type 'int', but argument 2 has type 'u32'
../../apps/bees/src/preset.c:391: warning: format '%d' expects type 'int', but argument 2 has type 'u32'
../../apps/bees/src/preset.c:391: warning: format '%d' expects type 'int', but argument 2 has type 'u32'
CC      ../../apps/bees/src/render.o
CC      ../../apps/bees/src/param_scaler.o
CC      ../../apps/bees/src/scene.o
CC      ../../apps/bees/src/ser.o
CC      ../../apps/bees/src/util.o
CC      ../../apps/bees/src/op_pool.o
CC      ../../apps/bees/src/ops/op_add.o
CC      ../../apps/bees/src/ops/op_accum.o
CC      ../../apps/bees/src/ops/op_adc.o
CC      ../../apps/bees/src/ops/op_bars.o
CC      ../../apps/bees/src/ops/op_bars8.o
CC      ../../apps/bees/src/ops/op_bignum.o
CC      ../../apps/bees/src/ops/op_bits.o
CC      ../../apps/bees/src/ops/op_cascades.o
CC      ../../apps/bees/src/ops/op_change.o
CC      ../../apps/bees/src/ops/op_ckdiv.o
CC      ../../apps/bees/src/ops/op_delay.o
CC      ../../apps/bees/src/ops/op_div.o
CC      ../../apps/bees/src/ops/op_divr.o
CC      ../../apps/bees/src/ops/op_enc.o
CC      ../../apps/bees/src/ops/op_fade.o
CC      ../../apps/bees/src/ops/op_gate.o
CC      ../../apps/bees/src/ops/op_harry.o
CC      ../../apps/bees/src/ops/op_hid_word.o
CC      ../../apps/bees/src/ops/op_history.o
CC      ../../apps/bees/src/ops/op_is.o
CC      ../../apps/bees/src/ops/op_iter.o
CC      ../../apps/bees/src/ops/op_kria.o
../../apps/bees/src/ops/op_kria.c:805: warning: 'adjust_loop_start' defined but not used
../../apps/bees/src/ops/op_kria.c:827: warning: 'adjust_loop_end' defined but not used
../../apps/bees/src/ops/op_kria.c:161: warning: 'phase_reset0' defined but not used
../../apps/bees/src/ops/op_kria.c:166: warning: 'phase_reset1' defined but not used
../../apps/bees/src/ops/op_kria.c:323: warning: 'op_kria_track_tick' defined but not used
../../apps/bees/src/ops/op_kria.c:422: warning: 'handle_bottom_row_key' defined but not used
../../apps/bees/src/ops/op_kria.c:481: warning: 'mode_mTr_handle_key' defined but not used
../../apps/bees/src/ops/op_kria.c:551: warning: 'mode_mDur_handle_key' defined but not used
../../apps/bees/src/ops/op_kria.c:582: warning: 'mode_mNote_handle_key' defined but not used
../../apps/bees/src/ops/op_kria.c:609: warning: 'mode_mScale_handle_key' defined but not used
../../apps/bees/src/ops/op_kria.c:643: warning: 'mode_mTrans_handle_key' defined but not used
../../apps/bees/src/ops/op_kria.c:674: warning: 'mode_mScaleEdit_handle_key' defined but not used
../../apps/bees/src/ops/op_kria.c:730: warning: 'mode_mPattern_handle_key' defined but not used
../../apps/bees/src/ops/op_kria.c:865: warning: 'bottom_strip_redraw' defined but not used
../../apps/bees/src/ops/op_kria.c:887: warning: 'mode_mTr_redraw' defined but not used
../../apps/bees/src/ops/op_kria.c:987: warning: 'mode_mDur_redraw' defined but not used
../../apps/bees/src/ops/op_kria.c:1029: warning: 'mode_mNote_redraw' defined but not used
../../apps/bees/src/ops/op_kria.c:1062: warning: 'mode_mScale_redraw' defined but not used
../../apps/bees/src/ops/op_kria.c:1104: warning: 'mode_mTrans_redraw' defined but not used
../../apps/bees/src/ops/op_kria.c:1144: warning: 'mode_mScaleEdit_redraw' defined but not used
../../apps/bees/src/ops/op_kria.c:1179: warning: 'mode_mPattern_redraw' defined but not used
CC      ../../apps/bees/src/ops/op_life_classic.o
CC      ../../apps/bees/src/ops/op_linlin.o
CC      ../../apps/bees/src/ops/op_list2.o
CC      ../../apps/bees/src/ops/op_list4.o
CC      ../../apps/bees/src/ops/op_list8.o
CC      ../../apps/bees/src/ops/op_list16.o
CC      ../../apps/bees/src/ops/op_logic.o
CC      ../../apps/bees/src/ops/op_maginc.o
CC      ../../apps/bees/src/ops/op_mem0d.o
CC      ../../apps/bees/src/ops/op_mem1d.o
CC      ../../apps/bees/src/ops/op_mem2d.o
CC      ../../apps/bees/src/ops/op_metro.o
CC      ../../apps/bees/src/ops/op_midi_cc.o
CC      ../../apps/bees/src/ops/op_midi_prog.o
CC      ../../apps/bees/src/ops/op_midi_clock.o
CC      ../../apps/bees/src/ops/op_midi_out_note.o
CC      ../../apps/bees/src/ops/op_midi_out_clock.o
CC      ../../apps/bees/src/ops/op_midi_out_cc.o
CC      ../../apps/bees/src/ops/op_midi_note.o
CC      ../../apps/bees/src/ops/op_mod.o
CC      ../../apps/bees/src/ops/op_mul.o
CC      ../../apps/bees/src/ops/op_monome_arc.o
CC      ../../apps/bees/src/ops/op_monome_grid_classic.o
CC      ../../apps/bees/src/ops/op_monome_grid_raw.o
CC      ../../apps/bees/src/ops/op_poly.o
CC      ../../apps/bees/src/ops/op_preset.o
CC      ../../apps/bees/src/ops/op_random.o
CC      ../../apps/bees/src/ops/op_route.o
CC      ../../apps/bees/src/ops/op_route8.o
CC      ../../apps/bees/src/ops/op_route16.o
CC      ../../apps/bees/src/ops/op_screen.o
CC      ../../apps/bees/src/ops/op_serial.o
CC      ../../apps/bees/src/ops/op_shl.o
CC      ../../apps/bees/src/ops/op_shr.o
CC      ../../apps/bees/src/ops/op_split.o
CC      ../../apps/bees/src/ops/op_split4.o
CC      ../../apps/bees/src/ops/op_sub.o
CC      ../../apps/bees/src/ops/op_step.o
CC      ../../apps/bees/src/ops/op_sw.o
CC      ../../apps/bees/src/ops/op_thresh.o
CC      ../../apps/bees/src/ops/op_timer.o
CC      ../../apps/bees/src/ops/op_tog.o
CC      ../../apps/bees/src/ops/op_ww.o
CC      ../../apps/bees/src/ops/op_param.o
CC      ../../apps/bees/src/pages/page_dsp.o
CC      ../../apps/bees/src/pages/page_gathered.o
CC      ../../apps/bees/src/pages/page_ins.o
CC      ../../apps/bees/src/pages/page_ops.o
CC      ../../apps/bees/src/pages/page_outs.o
CC      ../../apps/bees/src/pages/page_play.o
CC      ../../apps/bees/src/pages/page_presets.o
CC      ../../apps/bees/src/pages/page_scenes.o
CC      ../../apps/bees/src/scalers/scaler_amp.o
CC      ../../apps/bees/src/scalers/scaler_bool.o
CC      ../../apps/bees/src/scalers/scaler_fix.o
../../apps/bees/src/scalers/scaler_fix.c: In function 'scaler_fix_init':
../../apps/bees/src/scalers/scaler_fix.c:41: warning: overflow in implicit constant conversion
CC      ../../apps/bees/src/scalers/scaler_fract.o
CC      ../../apps/bees/src/scalers/scaler_integrator.o
CC      ../../apps/bees/src/scalers/scaler_integrator_short.o
CC      ../../apps/bees/src/scalers/scaler_note.o
CC      ../../apps/bees/src/scalers/scaler_label.o
CC      ../../apps/bees/src/scalers/scaler_short.o
CC      ../../apps/bees/src/scalers/scaler_svf_fc.o
AS      avr32/drivers/intc/exception.o
MKDIR   avr32/utils/startup/
AS      avr32/utils/startup/trampoline_uc3.o
AS      ../../avr32/startup/startup.o
LN      aleph-bees.elf
SIZE    aleph-bees.elf
aleph-bees.elf  :
section             size         addr
.reset               0x8   0x80008000
.rela.got            0x0   0x80008008
.text            0x1f8e8   0x80008008
.exception         0x200   0x80027a00
.rodata           0x92fc   0x80027c00
.lalign              0x4   0x80030efc
.dalign              0x4          0x4
.data             0x1cd4          0x8
.balign              0x4       0x1cdc
.bss              0x8808       0x1ce0
.heap          0x4000000   0xd0000000
.comment            0x30          0x0
.debug_frame      0xadec          0x0
.stack            0x1000       0xf000
.flash_nvram     0x28048   0x80040000
Total          0x4067138


   text	   data	    bss	    dec	    hex	filename
0x28dec	 0x1cd4	0x403185c	67486492	405c31c	aleph-bees.elf
OBJDUMP aleph-bees.lss
NM      aleph-bees.sym
OBJCOPY aleph-bees.hex
